d:\jakub chmiel projekt-20170505t131951z-001\jakub chmiel projekt-20170505t131951z-001\jakub chmiel projekt\jakub chmiel projekt\debug\vc140.pdb
d:\jakub chmiel projekt-20170505t131951z-001\jakub chmiel projekt-20170505t131951z-001\jakub chmiel projekt\jakub chmiel projekt\debug\vc140.idb
d:\jakub chmiel projekt-20170505t131951z-001\jakub chmiel projekt-20170505t131951z-001\jakub chmiel projekt\jakub chmiel projekt\debug\bike.obj
d:\jakub chmiel projekt-20170505t131951z-001\jakub chmiel projekt-20170505t131951z-001\jakub chmiel projekt\jakub chmiel projekt\debug\card.obj
d:\jakub chmiel projekt-20170505t131951z-001\jakub chmiel projekt-20170505t131951z-001\jakub chmiel projekt\jakub chmiel projekt\debug\stdafx.obj
d:\jakub chmiel projekt-20170505t131951z-001\jakub chmiel projekt-20170505t131951z-001\jakub chmiel projekt\jakub chmiel projekt\debug\truck.obj
d:\jakub chmiel projekt-20170505t131951z-001\jakub chmiel projekt-20170505t131951z-001\jakub chmiel projekt\jakub chmiel projekt\debug\car.obj
d:\jakub chmiel projekt-20170505t131951z-001\jakub chmiel projekt-20170505t131951z-001\jakub chmiel projekt\jakub chmiel projekt\debug\jakub chmiel projekt.obj
d:\jakub chmiel projekt-20170505t131951z-001\jakub chmiel projekt-20170505t131951z-001\jakub chmiel projekt\jakub chmiel projekt\debug\vehicles.obj
d:\jakub chmiel projekt-20170505t131951z-001\jakub chmiel projekt-20170505t131951z-001\jakub chmiel projekt\jakub chmiel projekt\debug\vc141.pdb
d:\jakub chmiel projekt-20170505t131951z-001\jakub chmiel projekt-20170505t131951z-001\jakub chmiel projekt\jakub chmiel projekt\debug\vc141.idb
d:\jakub chmiel projekt-20170505t131951z-001\jakub chmiel projekt-20170505t131951z-001\jakub chmiel projekt\jakub chmiel projekt\debug\cardfunctions.obj
d:\jakub chmiel projekt-20170505t131951z-001\jakub chmiel projekt-20170505t131951z-001\jakub chmiel projekt\jakub chmiel projekt\debug\gameloop.obj
d:\jakub chmiel projekt-20170505t131951z-001\jakub chmiel projekt-20170505t131951z-001\jakub chmiel projekt\jakub chmiel projekt\debug\vechiclefunctions.obj
d:\jakub chmiel projekt-20170505t131951z-001\jakub chmiel projekt-20170505t131951z-001\jakub chmiel projekt\debug\jakub chmiel projekt.ilk
d:\jakub chmiel projekt-20170505t131951z-001\jakub chmiel projekt-20170505t131951z-001\jakub chmiel projekt\debug\jakub chmiel projekt.exe
d:\jakub chmiel projekt-20170505t131951z-001\jakub chmiel projekt-20170505t131951z-001\jakub chmiel projekt\debug\jakub chmiel projekt.pdb
c:\users\student\desktop\jakub chmiel projekt-20170505t131951z-001\jakub chmiel projekt-20170505t131951z-001\jakub chmiel projekt-20170505t131951z-001\jakub chmiel projekt\jakub chmiel projekt\debug\bike.obj
c:\users\student\desktop\jakub chmiel projekt-20170505t131951z-001\jakub chmiel projekt-20170505t131951z-001\jakub chmiel projekt-20170505t131951z-001\jakub chmiel projekt\jakub chmiel projekt\debug\car.obj
c:\users\student\desktop\jakub chmiel projekt-20170505t131951z-001\jakub chmiel projekt-20170505t131951z-001\jakub chmiel projekt-20170505t131951z-001\jakub chmiel projekt\jakub chmiel projekt\debug\card.obj
c:\users\student\desktop\jakub chmiel projekt-20170505t131951z-001\jakub chmiel projekt-20170505t131951z-001\jakub chmiel projekt-20170505t131951z-001\jakub chmiel projekt\jakub chmiel projekt\debug\cardfunctions.obj
c:\users\student\desktop\jakub chmiel projekt-20170505t131951z-001\jakub chmiel projekt-20170505t131951z-001\jakub chmiel projekt-20170505t131951z-001\jakub chmiel projekt\jakub chmiel projekt\debug\gameloop.obj
c:\users\student\desktop\jakub chmiel projekt-20170505t131951z-001\jakub chmiel projekt-20170505t131951z-001\jakub chmiel projekt-20170505t131951z-001\jakub chmiel projekt\jakub chmiel projekt\debug\jakub chmiel projekt.obj
c:\users\student\desktop\jakub chmiel projekt-20170505t131951z-001\jakub chmiel projekt-20170505t131951z-001\jakub chmiel projekt-20170505t131951z-001\jakub chmiel projekt\jakub chmiel projekt\debug\stdafx.obj
c:\users\student\desktop\jakub chmiel projekt-20170505t131951z-001\jakub chmiel projekt-20170505t131951z-001\jakub chmiel projekt-20170505t131951z-001\jakub chmiel projekt\jakub chmiel projekt\debug\truck.obj
c:\users\student\desktop\jakub chmiel projekt-20170505t131951z-001\jakub chmiel projekt-20170505t131951z-001\jakub chmiel projekt-20170505t131951z-001\jakub chmiel projekt\jakub chmiel projekt\debug\vechiclefunctions.obj
c:\users\student\desktop\jakub chmiel projekt-20170505t131951z-001\jakub chmiel projekt-20170505t131951z-001\jakub chmiel projekt-20170505t131951z-001\jakub chmiel projekt\jakub chmiel projekt\debug\vehicles.obj
c:\users\student\desktop\jakub chmiel projekt-20170505t131951z-001\jakub chmiel projekt-20170505t131951z-001\jakub chmiel projekt-20170505t131951z-001\jakub chmiel projekt\jakub chmiel projekt\debug\jakub chmiel projekt.obj.enc
c:\users\student\desktop\jakub chmiel projekt-20170505t131951z-001\jakub chmiel projekt-20170505t131951z-001\jakub chmiel projekt-20170505t131951z-001\jakub chmiel projekt\jakub chmiel projekt\debug\vc140.idb
c:\users\student\desktop\jakub chmiel projekt-20170505t131951z-001\jakub chmiel projekt-20170505t131951z-001\jakub chmiel projekt-20170505t131951z-001\jakub chmiel projekt\jakub chmiel projekt\debug\vc141.idb
c:\users\student\desktop\jakub chmiel projekt-20170505t131951z-001\jakub chmiel projekt-20170505t131951z-001\jakub chmiel projekt-20170505t131951z-001\jakub chmiel projekt\jakub chmiel projekt\debug\vc140.pdb
c:\users\student\desktop\jakub chmiel projekt-20170505t131951z-001\jakub chmiel projekt-20170505t131951z-001\jakub chmiel projekt-20170505t131951z-001\jakub chmiel projekt\jakub chmiel projekt\debug\vc141.pdb
c:\users\student\desktop\jakub chmiel projekt-20170505t131951z-001\jakub chmiel projekt-20170505t131951z-001\jakub chmiel projekt-20170505t131951z-001\jakub chmiel projekt\debug\jakub chmiel projekt.pdb
c:\users\student\desktop\jakub chmiel projekt-20170505t131951z-001\jakub chmiel projekt-20170505t131951z-001\jakub chmiel projekt-20170505t131951z-001\jakub chmiel projekt\debug\jakub chmiel projekt.exe
c:\users\student\desktop\jakub chmiel projekt-20170505t131951z-001\jakub chmiel projekt-20170505t131951z-001\jakub chmiel projekt-20170505t131951z-001\jakub chmiel projekt\debug\jakub chmiel projekt.ilk
c:\users\student\desktop\jakub chmiel projekt-20170505t131951z-001\jakub chmiel projekt-20170505t131951z-001\jakub chmiel projekt-20170505t131951z-001\jakub chmiel projekt\jakub chmiel projekt\debug\jakub ch.660ff7bd.tlog\cl.command.1.tlog
c:\users\student\desktop\jakub chmiel projekt-20170505t131951z-001\jakub chmiel projekt-20170505t131951z-001\jakub chmiel projekt-20170505t131951z-001\jakub chmiel projekt\jakub chmiel projekt\debug\jakub ch.660ff7bd.tlog\cl.read.1.tlog
c:\users\student\desktop\jakub chmiel projekt-20170505t131951z-001\jakub chmiel projekt-20170505t131951z-001\jakub chmiel projekt-20170505t131951z-001\jakub chmiel projekt\jakub chmiel projekt\debug\jakub ch.660ff7bd.tlog\cl.write.1.tlog
c:\users\student\desktop\jakub chmiel projekt-20170505t131951z-001\jakub chmiel projekt-20170505t131951z-001\jakub chmiel projekt-20170505t131951z-001\jakub chmiel projekt\jakub chmiel projekt\debug\jakub ch.660ff7bd.tlog\link.command.1.tlog
c:\users\student\desktop\jakub chmiel projekt-20170505t131951z-001\jakub chmiel projekt-20170505t131951z-001\jakub chmiel projekt-20170505t131951z-001\jakub chmiel projekt\jakub chmiel projekt\debug\jakub ch.660ff7bd.tlog\link.delete.1.tlog
c:\users\student\desktop\jakub chmiel projekt-20170505t131951z-001\jakub chmiel projekt-20170505t131951z-001\jakub chmiel projekt-20170505t131951z-001\jakub chmiel projekt\jakub chmiel projekt\debug\jakub ch.660ff7bd.tlog\link.read.1.tlog
c:\users\student\desktop\jakub chmiel projekt-20170505t131951z-001\jakub chmiel projekt-20170505t131951z-001\jakub chmiel projekt-20170505t131951z-001\jakub chmiel projekt\jakub chmiel projekt\debug\jakub ch.660ff7bd.tlog\link.write.1.tlog
